2022-Aug-05 13:03:15 PM [background-preinit]  INFO  org.hibernate.validator.internal.util.Version Version.<clinit> - HV000001: Hibernate Validator 6.2.3.Final
2022-Aug-05 13:03:15 PM [restartedMain]  INFO  com.gcu.site.SiteApplication StartupInfoLogger.logStarting - Starting SiteApplication using Java 17.0.1 on DESKTOP-771G76R with PID 8684 (D:\GCU\2022\CST-323\CST-323-Workspace\groupSite\CST323-GroupProject\target\classes started by natha in D:\GCU\2022\CST-323\CST-323-Workspace\groupSite\CST323-GroupProject)
2022-Aug-05 13:03:15 PM [restartedMain]  INFO  com.gcu.site.SiteApplication SpringApplication.logStartupProfileInfo - No active profile set, falling back to 1 default profile: "default"
2022-Aug-05 13:03:15 PM [restartedMain]  INFO  org.springframework.boot.devtools.env.DevToolsPropertyDefaultsPostProcessor DeferredLog.logTo - Devtools property defaults active! Set 'spring.devtools.add-properties' to 'false' to disable
2022-Aug-05 13:03:15 PM [restartedMain]  INFO  org.springframework.boot.devtools.env.DevToolsPropertyDefaultsPostProcessor DeferredLog.logTo - For additional web related logging consider setting the 'logging.level.web' property to 'DEBUG'
2022-Aug-05 13:03:16 PM [restartedMain]  INFO  org.springframework.data.repository.config.RepositoryConfigurationDelegate RepositoryConfigurationDelegate.registerRepositoriesIn - Bootstrapping Spring Data JDBC repositories in DEFAULT mode.
2022-Aug-05 13:03:16 PM [restartedMain]  INFO  org.springframework.data.repository.config.RepositoryConfigurationDelegate RepositoryConfigurationDelegate.registerRepositoriesIn - Finished Spring Data repository scanning in 149 ms. Found 2 JDBC repository interfaces.
2022-Aug-05 13:03:17 PM [restartedMain]  INFO  org.springframework.boot.web.embedded.tomcat.TomcatWebServer TomcatWebServer.initialize - Tomcat initialized with port(s): 8080 (http)
2022-Aug-05 13:03:17 PM [restartedMain]  INFO  org.apache.coyote.http11.Http11NioProtocol DirectJDKLog.log - Initializing ProtocolHandler ["http-nio-8080"]
2022-Aug-05 13:03:17 PM [restartedMain]  INFO  org.apache.catalina.core.StandardService DirectJDKLog.log - Starting service [Tomcat]
2022-Aug-05 13:03:17 PM [restartedMain]  INFO  org.apache.catalina.core.StandardEngine DirectJDKLog.log - Starting Servlet engine: [Apache Tomcat/9.0.64]
2022-Aug-05 13:03:17 PM [restartedMain]  INFO  org.apache.catalina.core.ContainerBase.[Tomcat].[localhost].[/] DirectJDKLog.log - Initializing Spring embedded WebApplicationContext
2022-Aug-05 13:03:17 PM [restartedMain]  INFO  org.springframework.boot.web.servlet.context.ServletWebServerApplicationContext ServletWebServerApplicationContext.prepareWebApplicationContext - Root WebApplicationContext: initialization completed in 2122 ms
2022-Aug-05 13:03:17 PM [restartedMain]  INFO  com.zaxxer.hikari.HikariDataSource HikariDataSource.getConnection - HikariPool-1 - Starting...
2022-Aug-05 13:03:18 PM [restartedMain]  INFO  com.zaxxer.hikari.HikariDataSource HikariDataSource.getConnection - HikariPool-1 - Start completed.
2022-Aug-05 13:03:19 PM [restartedMain]  WARN  org.springframework.data.convert.CustomConversions CustomConversions.register - Registering converter from class microsoft.sql.DateTimeOffset to class java.time.OffsetDateTime as reading converter although it doesn't convert from a store-supported type; You might want to check your annotation setup at the converter implementation
2022-Aug-05 13:03:19 PM [restartedMain]  INFO  org.springframework.boot.devtools.autoconfigure.OptionalLiveReloadServer OptionalLiveReloadServer.startServer - LiveReload server is running on port 35729
2022-Aug-05 13:03:19 PM [restartedMain]  INFO  org.springframework.boot.autoconfigure.web.servlet.WelcomePageHandlerMapping WelcomePageHandlerMapping.<init> - Adding welcome page template: index
2022-Aug-05 13:03:19 PM [restartedMain]  INFO  org.apache.coyote.http11.Http11NioProtocol DirectJDKLog.log - Starting ProtocolHandler ["http-nio-8080"]
2022-Aug-05 13:03:20 PM [restartedMain]  INFO  org.springframework.boot.web.embedded.tomcat.TomcatWebServer TomcatWebServer.start - Tomcat started on port(s): 8080 (http) with context path ''
2022-Aug-05 13:03:20 PM [restartedMain]  INFO  com.gcu.site.SiteApplication StartupInfoLogger.logStarted - Started SiteApplication in 5.172 seconds (JVM running for 8.605)
2022-Aug-05 13:03:51 PM [http-nio-8080-exec-1]  INFO  org.apache.catalina.core.ContainerBase.[Tomcat].[localhost].[/] DirectJDKLog.log - Initializing Spring DispatcherServlet 'dispatcherServlet'
2022-Aug-05 13:03:51 PM [http-nio-8080-exec-1]  INFO  org.springframework.web.servlet.DispatcherServlet FrameworkServlet.initServletBean - Initializing Servlet 'dispatcherServlet'
2022-Aug-05 13:03:51 PM [http-nio-8080-exec-1]  INFO  org.springframework.web.servlet.DispatcherServlet FrameworkServlet.initServletBean - Completed initialization in 2 ms
2022-Aug-05 13:03:51 PM [http-nio-8080-exec-1]  INFO  com.gcu.site.controller.navigationController navigationController.accessHome - entering accessHome method
2022-Aug-05 13:03:51 PM [http-nio-8080-exec-1]  INFO  com.gcu.site.controller.navigationController navigationController.accessHome - exiting accessHome method
2022-Aug-05 13:04:04 PM [http-nio-8080-exec-2]  INFO  com.gcu.site.controller.navigationController navigationController.accessAbout - entering accessAbout method
2022-Aug-05 13:04:04 PM [http-nio-8080-exec-2]  INFO  com.gcu.site.controller.navigationController navigationController.accessAbout - entering accessAbout method
2022-Aug-05 13:04:10 PM [http-nio-8080-exec-9]  INFO  com.gcu.site.controller.navigationController navigationController.accessTable - entering accessTable method
2022-Aug-05 13:04:10 PM [http-nio-8080-exec-9]  INFO  com.gcu.site.business.ElementBusinessService ElementBusinessService.getElement - entering getElement method
2022-Aug-05 13:04:10 PM [http-nio-8080-exec-9]  INFO  com.gcu.site.data.ElementDataService ElementDataService.findAll - entering findAll method
2022-Aug-05 13:04:10 PM [http-nio-8080-exec-9]  INFO  com.gcu.site.data.ElementDataService ElementDataService.findAll - finding all elements...
2022-Aug-05 13:04:11 PM [http-nio-8080-exec-9]  INFO  com.gcu.site.data.ElementDataService ElementDataService.findAll - exiting findAll method
2022-Aug-05 13:04:11 PM [http-nio-8080-exec-9]  INFO  com.gcu.site.business.ElementBusinessService ElementBusinessService.getElement - exiting getElement method
2022-Aug-05 13:04:11 PM [http-nio-8080-exec-9]  INFO  com.gcu.site.controller.navigationController navigationController.accessTable - exiting accessTable method
2022-Aug-05 13:04:14 PM [http-nio-8080-exec-10]  INFO  com.gcu.site.controller.navigationController navigationController.accessTable - entering accessTable method
2022-Aug-05 13:04:14 PM [http-nio-8080-exec-10]  INFO  com.gcu.site.business.ElementBusinessService ElementBusinessService.getElement - entering getElement method
2022-Aug-05 13:04:14 PM [http-nio-8080-exec-10]  INFO  com.gcu.site.data.ElementDataService ElementDataService.findAll - entering findAll method
2022-Aug-05 13:04:14 PM [http-nio-8080-exec-10]  INFO  com.gcu.site.data.ElementDataService ElementDataService.findAll - finding all elements...
2022-Aug-05 13:04:14 PM [http-nio-8080-exec-10]  INFO  com.gcu.site.data.ElementDataService ElementDataService.findAll - exiting findAll method
2022-Aug-05 13:04:14 PM [http-nio-8080-exec-10]  INFO  com.gcu.site.business.ElementBusinessService ElementBusinessService.getElement - exiting getElement method
2022-Aug-05 13:04:14 PM [http-nio-8080-exec-10]  INFO  com.gcu.site.controller.navigationController navigationController.accessTable - exiting accessTable method
